<?xml version="1.0" encoding="UTF-8"?>
<testsuite name="ga.ndss.AppTest" tests="1" skipped="0" failures="0" errors="0" timestamp="2018-07-01T18:53:02" hostname="DESKTOP-IP1FG7C" time="0.009">
  <properties/>
  <testcase name="shouldAnswerWithTrue" classname="ga.ndss.AppTest" time="0.009"/>
  <system-out><![CDATA[]]></system-out>
  <system-err><![CDATA[]]></system-err>
</testsuite>
